<?xml version="1.0" encoding="UTF-8"?>
<!-- Generated by org.testng.reporters.JUnitReportReporter -->
<testsuite hostname="DESKTOP-IDFSFC5" failures="0" tests="2" name="testNgxml.Testing1" time="0.024" errors="0" timestamp="2022-11-17T11:44:03 IST" skipped="0">
  <testcase classname="testNgxml.Testing1" name="A" time="0.014"/>
  <system-out>
    <![CDATA[A tc is running]]>
  </system-out>
  <testcase classname="testNgxml.Testing1" name="B" time="0.010"/>
  <system-out>
    <![CDATA[B tc is running]]>
  </system-out>
</testsuite> <!-- testNgxml.Testing1 -->
