<?xml version="1.0" encoding="UTF-8"?>
<!-- Generated by org.testng.reporters.JUnitReportReporter -->
<testsuite hostname="DESKTOP-IDFSFC5" failures="0" tests="1" name="testNgxml.SerialParallel" time="19.271" errors="0" timestamp="2022-11-17T17:20:32 IST" skipped="0">
  <testcase classname="testNgxml.SerialParallel" name="phonepay" time="19.271"/>
  <system-out/>
</testsuite> <!-- testNgxml.SerialParallel -->
