<?xml version="1.0" encoding="UTF-8"?>
<!-- Generated by org.testng.reporters.JUnitReportReporter -->
<testsuite hostname="DESKTOP-IDFSFC5" failures="0" tests="4" name="TestNGKeywords.Priority" time="0.030" errors="0" timestamp="2022-11-17T10:58:22 IST" skipped="0">
  <testcase classname="TestNGKeywords.Priority" name="C" time="0.016"/>
  <system-out>
    <![CDATA[C tc is running]]>
  </system-out>
  <testcase classname="TestNGKeywords.Priority" name="D" time="0.008"/>
  <system-out>
    <![CDATA[D tc is running ]]>
  </system-out>
  <testcase classname="TestNGKeywords.Priority" name="B" time="0.004"/>
  <system-out>
    <![CDATA[B tc is running]]>
  </system-out>
  <testcase classname="TestNGKeywords.Priority" name="A" time="0.002"/>
  <system-out>
    <![CDATA[A tc is running]]>
  </system-out>
</testsuite> <!-- TestNGKeywords.Priority -->
