<?xml version="1.0" encoding="UTF-8"?>
<!-- Generated by org.testng.reporters.JUnitReportReporter -->
<testsuite hostname="DESKTOP-IDFSFC5" failures="0" tests="4" name="TestNGKeywords.DependsOnMethod" time="2.034" errors="0" timestamp="2022-11-17T11:19:09 IST" skipped="0">
  <testcase classname="TestNGKeywords.DependsOnMethod" name="A" time="0.003"/>
  <system-out>
    <![CDATA[A tc is running]]>
  </system-out>
  <testcase classname="TestNGKeywords.DependsOnMethod" name="B" time="0.020"/>
  <system-out>
    <![CDATA[B tc is running]]>
  </system-out>
  <testcase classname="TestNGKeywords.DependsOnMethod" name="D" time="0.005"/>
  <system-out>
    <![CDATA[D tc is running ]]>
  </system-out>
  <testcase classname="TestNGKeywords.DependsOnMethod" name="C" time="2.006"/>
  <system-out>
    <![CDATA[C tc is running]]>
  </system-out>
</testsuite> <!-- TestNGKeywords.DependsOnMethod -->
