<?xml version="1.0" encoding="UTF-8"?>
<!-- Generated by org.testng.reporters.JUnitReportReporter -->
<testsuite hostname="DESKTOP-IDFSFC5" failures="0" tests="2" name="Grouping.Testing1" time="0.021" errors="0" timestamp="2022-11-17T12:02:56 IST" skipped="0">
  <testcase classname="Grouping.Testing1" name="A" time="0.018"/>
  <system-out>
    <![CDATA[A tc is running]]>
  </system-out>
  <testcase classname="Grouping.Testing1" name="B" time="0.003"/>
  <system-out>
    <![CDATA[B tc is running]]>
  </system-out>
</testsuite> <!-- Grouping.Testing1 -->
