<?xml version="1.0" encoding="UTF-8"?>
<!-- Generated by org.testng.reporters.JUnitReportReporter -->
<testsuite hostname="DESKTOP-IDFSFC5" failures="0" tests="4" name="TestNGKeywords.Enabled" time="0.017" errors="0" timestamp="2022-11-17T11:06:04 IST" skipped="1">
  <testcase classname="TestNGKeywords.Enabled" name="D" time="0.002"/>
  <system-out>
    <![CDATA[D tc is running]]>
  </system-out>
  <testcase classname="TestNGKeywords.Enabled" name="A" time="0.013"/>
  <system-out>
    <![CDATA[A tc is running]]>
  </system-out>
  <testcase classname="TestNGKeywords.Enabled" name="C" time="0.002"/>
  <system-out>
    <![CDATA[C tc is running]]>
  </system-out>
  <testcase classname="TestNGKeywords.Enabled" name="B">
    <skipped/>
  </testcase> <!-- B -->
  <system-out/>
</testsuite> <!-- TestNGKeywords.Enabled -->
