<?xml version="1.0" encoding="UTF-8"?>
<!-- Generated by org.testng.reporters.JUnitReportReporter -->
<testsuite hostname="DESKTOP-IDFSFC5" failures="0" tests="2" name="TestngStudy.AnnotationStudy" time="0.018" errors="0" timestamp="2022-11-15T17:05:43 IST" skipped="0">
  <testcase classname="TestngStudy.AnnotationStudy" name="ValidatePin" time="0.012"/>
  <system-out>
    <![CDATA[pin validation done]]>
  </system-out>
  <testcase classname="TestngStudy.AnnotationStudy" name="ValidateUserID" time="0.006"/>
  <system-out>
    <![CDATA[validate user Id done]]>
  </system-out>
</testsuite> <!-- TestngStudy.AnnotationStudy -->
