<?xml version="1.0" encoding="UTF-8"?>
<!-- Generated by org.testng.reporters.JUnitReportReporter -->
<testsuite hostname="DESKTOP-IDFSFC5" failures="0" tests="1" name="VerificationUsingTestNG.AssertNotEquals" time="0.020" errors="0" timestamp="2022-11-18T13:10:40 IST" skipped="0">
  <testcase classname="VerificationUsingTestNG.AssertNotEquals" name="assertNotEqualsUse" time="0.020"/>
  <system-out>
    <![CDATA[TC is passed A and B ar not Matching]]>
  </system-out>
</testsuite> <!-- VerificationUsingTestNG.AssertNotEquals -->
