<?xml version="1.0" encoding="UTF-8"?>
<!-- Generated by org.testng.reporters.JUnitReportReporter -->
<testsuite hostname="DESKTOP-IDFSFC5" failures="0" tests="6" name="TestNGKeywords.AnnocationCount" time="0.057" errors="0" timestamp="2022-11-17T10:48:32 IST" skipped="0">
  <testcase classname="TestNGKeywords.AnnocationCount" name="B" time="0.008"/>
  <system-out>
    <![CDATA[B TC is running]]>
  </system-out>
  <testcase classname="TestNGKeywords.AnnocationCount" name="A" time="0.002"/>
  <system-out>
    <![CDATA[A Tc is running]]>
  </system-out>
  <testcase classname="TestNGKeywords.AnnocationCount" name="A" time="0.003"/>
  <system-out>
    <![CDATA[A Tc is running]]>
  </system-out>
  <testcase classname="TestNGKeywords.AnnocationCount" name="A" time="0.014"/>
  <system-out>
    <![CDATA[A Tc is running]]>
  </system-out>
  <testcase classname="TestNGKeywords.AnnocationCount" name="A" time="0.022"/>
  <system-out>
    <![CDATA[A Tc is running]]>
  </system-out>
  <testcase classname="TestNGKeywords.AnnocationCount" name="A" time="0.008"/>
  <system-out>
    <![CDATA[A Tc is running]]>
  </system-out>
</testsuite> <!-- TestNGKeywords.AnnocationCount -->
