<?xml version="1.0" encoding="UTF-8"?>
<!-- Generated by org.testng.reporters.JUnitReportReporter -->
<testsuite hostname="DESKTOP-IDFSFC5" failures="0" tests="3" name="TestngStudy.NewTest" time="0.024" errors="0" timestamp="2022-11-15T16:46:15 IST" skipped="0">
  <testcase classname="TestngStudy.NewTest" name="B" time="0.002"/>
  <system-out>
    <![CDATA[B TC is running]]>
  </system-out>
  <testcase classname="TestngStudy.NewTest" name="A" time="0.018"/>
  <system-out>
    <![CDATA[A TC is running]]>
  </system-out>
  <testcase classname="TestngStudy.NewTest" name="c" time="0.004"/>
  <system-out>
    <![CDATA[C TC is running]]>
  </system-out>
</testsuite> <!-- TestngStudy.NewTest -->
