<?xml version="1.0" encoding="UTF-8"?>
<!-- Generated by org.testng.reporters.JUnitReportReporter -->
<testsuite hostname="DESKTOP-IDFSFC5" failures="0" tests="1" name="SerialParallel.Test1" time="17.559" errors="0" timestamp="2022-11-18T16:10:11 IST" skipped="0">
  <testcase classname="SerialParallel.Test1" name="phonepay" time="17.559"/>
  <system-out>
    <![CDATA[browser succesfully install]]>
  </system-out>
</testsuite> <!-- SerialParallel.Test1 -->
