<?xml version="1.0" encoding="UTF-8"?>
<!-- Generated by org.testng.reporters.JUnitReportReporter -->
<testsuite hostname="DESKTOP-IDFSFC5" failures="0" tests="2" name="SerialParallel.Test2" time="32.323" errors="0" timestamp="2022-11-18T15:55:10 IST" skipped="0">
  <testcase classname="SerialParallel.Test2" name="phonepay" time="21.544"/>
  <system-out>
    <![CDATA[browser succesfully install]]>
  </system-out>
  <testcase classname="SerialParallel.Test2" name="phonepay" time="10.779"/>
  <system-out>
    <![CDATA[browser succesfully install]]>
  </system-out>
</testsuite> <!-- SerialParallel.Test2 -->
