<?xml version="1.0" encoding="UTF-8"?>
<!-- Generated by org.testng.reporters.JUnitReportReporter -->
<testsuite hostname="DESKTOP-IDFSFC5" failures="0" tests="1" name="SerialParallel.Test3" time="23.343" errors="0" timestamp="2022-11-18T16:10:11 IST" skipped="0">
  <testcase classname="SerialParallel.Test3" name="paytm" time="23.343"/>
  <system-out>
    <![CDATA[browser succesfully install]]>
  </system-out>
</testsuite> <!-- SerialParallel.Test3 -->
