<?xml version="1.0" encoding="UTF-8"?>
<!-- Generated by org.testng.reporters.JUnitReportReporter -->
<testsuite hostname="DESKTOP-IDFSFC5" failures="0" tests="3" name="testNgxml.Testing2" time="0.015" errors="0" timestamp="2022-11-17T11:44:03 IST" skipped="0">
  <testcase classname="testNgxml.Testing2" name="G" time="0.003"/>
  <system-out>
    <![CDATA[G tc is running]]>
  </system-out>
  <testcase classname="testNgxml.Testing2" name="H" time="0.006"/>
  <system-out>
    <![CDATA[H tc is running ]]>
  </system-out>
  <testcase classname="testNgxml.Testing2" name="E" time="0.006"/>
  <system-out>
    <![CDATA[E tc is running]]>
  </system-out>
</testsuite> <!-- testNgxml.Testing2 -->
