<?xml version="1.0" encoding="UTF-8"?>
<!-- Generated by org.testng.reporters.JUnitReportReporter -->
<testsuite hostname="DESKTOP-IDFSFC5" failures="0" tests="2" name="Grouping.Testing2" time="0.006" errors="0" timestamp="2022-11-17T12:02:56 IST" skipped="0">
  <testcase classname="Grouping.Testing2" name="E" time="0.002"/>
  <system-out>
    <![CDATA[E tc is running]]>
  </system-out>
  <testcase classname="Grouping.Testing2" name="G" time="0.004"/>
  <system-out>
    <![CDATA[G tc is running]]>
  </system-out>
</testsuite> <!-- Grouping.Testing2 -->
